C:\Users\ajant\OneDrive\Documents\GitHub\RealEstate\RealEstate\RealEstate.Web\app\app.component.js
C:\Users\ajant\OneDrive\Documents\GitHub\RealEstate\RealEstate\RealEstate.Web\app\app.component.js.map
C:\Users\ajant\OneDrive\Documents\GitHub\RealEstate\RealEstate\RealEstate.Web\app\components\sandbox.component.js
C:\Users\ajant\OneDrive\Documents\GitHub\RealEstate\RealEstate\RealEstate.Web\app\components\sandbox.component.js.map
C:\Users\ajant\OneDrive\Documents\GitHub\RealEstate\RealEstate\RealEstate.Web\app\app.module.js
C:\Users\ajant\OneDrive\Documents\GitHub\RealEstate\RealEstate\RealEstate.Web\app\app.module.js.map
C:\Users\ajant\OneDrive\Documents\GitHub\RealEstate\RealEstate\RealEstate.Web\app\main.js
C:\Users\ajant\OneDrive\Documents\GitHub\RealEstate\RealEstate\RealEstate.Web\app\main.js.map
C:\Users\ajant\OneDrive\Documents\GitHub\RealEstate\RealEstate\RealEstate.Web\app\app.component.js
C:\Users\ajant\OneDrive\Documents\GitHub\RealEstate\RealEstate\RealEstate.Web\app\app.component.js.map
C:\Users\ajant\OneDrive\Documents\GitHub\RealEstate\RealEstate\RealEstate.Web\app\components\sandbox.component.js
C:\Users\ajant\OneDrive\Documents\GitHub\RealEstate\RealEstate\RealEstate.Web\app\components\sandbox.component.js.map
C:\Users\ajant\OneDrive\Documents\GitHub\RealEstate\RealEstate\RealEstate.Web\app\app.module.js
C:\Users\ajant\OneDrive\Documents\GitHub\RealEstate\RealEstate\RealEstate.Web\app\app.module.js.map
C:\Users\ajant\OneDrive\Documents\GitHub\RealEstate\RealEstate\RealEstate.Web\app\main.js
C:\Users\ajant\OneDrive\Documents\GitHub\RealEstate\RealEstate\RealEstate.Web\app\main.js.map
C:\Users\ajant\OneDrive\Documents\GitHub\RealEstate\RealEstate\RealEstate.Web\app\app.component.js
C:\Users\ajant\OneDrive\Documents\GitHub\RealEstate\RealEstate\RealEstate.Web\app\app.component.js.map
C:\Users\ajant\OneDrive\Documents\GitHub\RealEstate\RealEstate\RealEstate.Web\app\components\sandbox.component.js
C:\Users\ajant\OneDrive\Documents\GitHub\RealEstate\RealEstate\RealEstate.Web\app\components\sandbox.component.js.map
C:\Users\ajant\OneDrive\Documents\GitHub\RealEstate\RealEstate\RealEstate.Web\app\app.module.js
C:\Users\ajant\OneDrive\Documents\GitHub\RealEstate\RealEstate\RealEstate.Web\app\app.module.js.map
C:\Users\ajant\OneDrive\Documents\GitHub\RealEstate\RealEstate\RealEstate.Web\app\main.js
C:\Users\ajant\OneDrive\Documents\GitHub\RealEstate\RealEstate\RealEstate.Web\app\main.js.map
C:\Users\ajant\OneDrive\Documents\GitHub\RealEstate\RealEstate\RealEstate.Web\app\app.component.js
C:\Users\ajant\OneDrive\Documents\GitHub\RealEstate\RealEstate\RealEstate.Web\app\app.component.js.map
C:\Users\ajant\OneDrive\Documents\GitHub\RealEstate\RealEstate\RealEstate.Web\app\components\sandbox.component.js
C:\Users\ajant\OneDrive\Documents\GitHub\RealEstate\RealEstate\RealEstate.Web\app\components\sandbox.component.js.map
C:\Users\ajant\OneDrive\Documents\GitHub\RealEstate\RealEstate\RealEstate.Web\app\app.module.js
C:\Users\ajant\OneDrive\Documents\GitHub\RealEstate\RealEstate\RealEstate.Web\app\app.module.js.map
C:\Users\ajant\OneDrive\Documents\GitHub\RealEstate\RealEstate\RealEstate.Web\app\main.js
C:\Users\ajant\OneDrive\Documents\GitHub\RealEstate\RealEstate\RealEstate.Web\app\main.js.map
