C:\Users\ajant\OneDrive\Documents\Visual Studio 2017\Projects\RealEstate\RealEstate\RealEstate.Web\app\app.component.js
C:\Users\ajant\OneDrive\Documents\Visual Studio 2017\Projects\RealEstate\RealEstate\RealEstate.Web\app\app.component.js.map
C:\Users\ajant\OneDrive\Documents\Visual Studio 2017\Projects\RealEstate\RealEstate\RealEstate.Web\app\components\sandbox.component.js
C:\Users\ajant\OneDrive\Documents\Visual Studio 2017\Projects\RealEstate\RealEstate\RealEstate.Web\app\components\sandbox.component.js.map
C:\Users\ajant\OneDrive\Documents\Visual Studio 2017\Projects\RealEstate\RealEstate\RealEstate.Web\app\app.module.js
C:\Users\ajant\OneDrive\Documents\Visual Studio 2017\Projects\RealEstate\RealEstate\RealEstate.Web\app\app.module.js.map
C:\Users\ajant\OneDrive\Documents\Visual Studio 2017\Projects\RealEstate\RealEstate\RealEstate.Web\app\main.js
C:\Users\ajant\OneDrive\Documents\Visual Studio 2017\Projects\RealEstate\RealEstate\RealEstate.Web\app\main.js.map
C:\Users\ajant\OneDrive\Documents\Visual Studio 2017\Projects\RealEstate\RealEstate\RealEstate.Web\RealEstate.SPA\RealEstateApp\e2e\app.po.js
C:\Users\ajant\OneDrive\Documents\Visual Studio 2017\Projects\RealEstate\RealEstate\RealEstate.Web\RealEstate.SPA\RealEstateApp\e2e\app.po.js.map
C:\Users\ajant\OneDrive\Documents\Visual Studio 2017\Projects\RealEstate\RealEstate\RealEstate.Web\RealEstate.SPA\RealEstateApp\e2e\app.e2e-spec.js
C:\Users\ajant\OneDrive\Documents\Visual Studio 2017\Projects\RealEstate\RealEstate\RealEstate.Web\RealEstate.SPA\RealEstateApp\e2e\app.e2e-spec.js.map
C:\Users\ajant\OneDrive\Documents\Visual Studio 2017\Projects\RealEstate\RealEstate\RealEstate.Web\RealEstate.SPA\RealEstateApp\src\app\app.component.js
C:\Users\ajant\OneDrive\Documents\Visual Studio 2017\Projects\RealEstate\RealEstate\RealEstate.Web\RealEstate.SPA\RealEstateApp\src\app\app.component.js.map
C:\Users\ajant\OneDrive\Documents\Visual Studio 2017\Projects\RealEstate\RealEstate\RealEstate.Web\RealEstate.SPA\RealEstateApp\src\app\components\property-detail\property-detail.component.js
C:\Users\ajant\OneDrive\Documents\Visual Studio 2017\Projects\RealEstate\RealEstate\RealEstate.Web\RealEstate.SPA\RealEstateApp\src\app\components\property-detail\property-detail.component.js.map
C:\Users\ajant\OneDrive\Documents\Visual Studio 2017\Projects\RealEstate\RealEstate\RealEstate.Web\RealEstate.SPA\RealEstateApp\src\app\components\sidebar\sidebar.component.js
C:\Users\ajant\OneDrive\Documents\Visual Studio 2017\Projects\RealEstate\RealEstate\RealEstate.Web\RealEstate.SPA\RealEstateApp\src\app\components\sidebar\sidebar.component.js.map
C:\Users\ajant\OneDrive\Documents\Visual Studio 2017\Projects\RealEstate\RealEstate\RealEstate.Web\RealEstate.SPA\RealEstateApp\src\app\components\dashboard\dashboard.component.js
C:\Users\ajant\OneDrive\Documents\Visual Studio 2017\Projects\RealEstate\RealEstate\RealEstate.Web\RealEstate.SPA\RealEstateApp\src\app\components\dashboard\dashboard.component.js.map
C:\Users\ajant\OneDrive\Documents\Visual Studio 2017\Projects\RealEstate\RealEstate\RealEstate.Web\RealEstate.SPA\RealEstateApp\src\app\services\data.service.js
C:\Users\ajant\OneDrive\Documents\Visual Studio 2017\Projects\RealEstate\RealEstate\RealEstate.Web\RealEstate.SPA\RealEstateApp\src\app\services\data.service.js.map
C:\Users\ajant\OneDrive\Documents\Visual Studio 2017\Projects\RealEstate\RealEstate\RealEstate.Web\RealEstate.SPA\RealEstateApp\src\app\components\properties\properties.component.js
C:\Users\ajant\OneDrive\Documents\Visual Studio 2017\Projects\RealEstate\RealEstate\RealEstate.Web\RealEstate.SPA\RealEstateApp\src\app\components\properties\properties.component.js.map
C:\Users\ajant\OneDrive\Documents\Visual Studio 2017\Projects\RealEstate\RealEstate\RealEstate.Web\RealEstate.SPA\RealEstateApp\src\app\components\edit-property\edit-property.component.js
C:\Users\ajant\OneDrive\Documents\Visual Studio 2017\Projects\RealEstate\RealEstate\RealEstate.Web\RealEstate.SPA\RealEstateApp\src\app\components\edit-property\edit-property.component.js.map
C:\Users\ajant\OneDrive\Documents\Visual Studio 2017\Projects\RealEstate\RealEstate\RealEstate.Web\RealEstate.SPA\RealEstateApp\src\app\components\navbar\navbar.component.js
C:\Users\ajant\OneDrive\Documents\Visual Studio 2017\Projects\RealEstate\RealEstate\RealEstate.Web\RealEstate.SPA\RealEstateApp\src\app\components\navbar\navbar.component.js.map
C:\Users\ajant\OneDrive\Documents\Visual Studio 2017\Projects\RealEstate\RealEstate\RealEstate.Web\RealEstate.SPA\RealEstateApp\src\app\app.module.js
C:\Users\ajant\OneDrive\Documents\Visual Studio 2017\Projects\RealEstate\RealEstate\RealEstate.Web\RealEstate.SPA\RealEstateApp\src\app\app.module.js.map
C:\Users\ajant\OneDrive\Documents\Visual Studio 2017\Projects\RealEstate\RealEstate\RealEstate.Web\RealEstate.SPA\RealEstateApp\src\environments\environment.js
C:\Users\ajant\OneDrive\Documents\Visual Studio 2017\Projects\RealEstate\RealEstate\RealEstate.Web\RealEstate.SPA\RealEstateApp\src\environments\environment.js.map
C:\Users\ajant\OneDrive\Documents\Visual Studio 2017\Projects\RealEstate\RealEstate\RealEstate.Web\RealEstate.SPA\RealEstateApp\src\main.js
C:\Users\ajant\OneDrive\Documents\Visual Studio 2017\Projects\RealEstate\RealEstate\RealEstate.Web\RealEstate.SPA\RealEstateApp\src\main.js.map
C:\Users\ajant\OneDrive\Documents\Visual Studio 2017\Projects\RealEstate\RealEstate\RealEstate.Web\RealEstate.SPA\RealEstateApp\src\polyfills.js
C:\Users\ajant\OneDrive\Documents\Visual Studio 2017\Projects\RealEstate\RealEstate\RealEstate.Web\RealEstate.SPA\RealEstateApp\src\polyfills.js.map
C:\Users\ajant\OneDrive\Documents\Visual Studio 2017\Projects\RealEstate\RealEstate\RealEstate.Web\RealEstate.SPA\RealEstateApp\src\test.js
C:\Users\ajant\OneDrive\Documents\Visual Studio 2017\Projects\RealEstate\RealEstate\RealEstate.Web\RealEstate.SPA\RealEstateApp\src\test.js.map
C:\Users\ajant\OneDrive\Documents\Visual Studio 2017\Projects\RealEstate\RealEstate\RealEstate.Web\RealEstate.SPA\RealEstateApp\src\app\app.component.spec.js
C:\Users\ajant\OneDrive\Documents\Visual Studio 2017\Projects\RealEstate\RealEstate\RealEstate.Web\RealEstate.SPA\RealEstateApp\src\app\app.component.spec.js.map
C:\Users\ajant\OneDrive\Documents\Visual Studio 2017\Projects\RealEstate\RealEstate\RealEstate.Web\RealEstate.SPA\RealEstateApp\src\environments\environment.prod.js
C:\Users\ajant\OneDrive\Documents\Visual Studio 2017\Projects\RealEstate\RealEstate\RealEstate.Web\RealEstate.SPA\RealEstateApp\src\environments\environment.prod.js.map
C:\Users\ajant\OneDrive\Documents\Visual Studio 2017\Projects\RealEstate\RealEstate\RealEstate.Web\RealEstate.SPA\RealEstateApp\src\app\components\dashboard\dashboard.component.spec.js
C:\Users\ajant\OneDrive\Documents\Visual Studio 2017\Projects\RealEstate\RealEstate\RealEstate.Web\RealEstate.SPA\RealEstateApp\src\app\components\dashboard\dashboard.component.spec.js.map
C:\Users\ajant\OneDrive\Documents\Visual Studio 2017\Projects\RealEstate\RealEstate\RealEstate.Web\RealEstate.SPA\RealEstateApp\src\app\components\edit-property\edit-property.component.spec.js
C:\Users\ajant\OneDrive\Documents\Visual Studio 2017\Projects\RealEstate\RealEstate\RealEstate.Web\RealEstate.SPA\RealEstateApp\src\app\components\edit-property\edit-property.component.spec.js.map
C:\Users\ajant\OneDrive\Documents\Visual Studio 2017\Projects\RealEstate\RealEstate\RealEstate.Web\RealEstate.SPA\RealEstateApp\src\app\components\navbar\navbar.component.spec.js
C:\Users\ajant\OneDrive\Documents\Visual Studio 2017\Projects\RealEstate\RealEstate\RealEstate.Web\RealEstate.SPA\RealEstateApp\src\app\components\navbar\navbar.component.spec.js.map
C:\Users\ajant\OneDrive\Documents\Visual Studio 2017\Projects\RealEstate\RealEstate\RealEstate.Web\RealEstate.SPA\RealEstateApp\src\app\components\properties\properties.component.spec.js
C:\Users\ajant\OneDrive\Documents\Visual Studio 2017\Projects\RealEstate\RealEstate\RealEstate.Web\RealEstate.SPA\RealEstateApp\src\app\components\properties\properties.component.spec.js.map
C:\Users\ajant\OneDrive\Documents\Visual Studio 2017\Projects\RealEstate\RealEstate\RealEstate.Web\RealEstate.SPA\RealEstateApp\src\app\components\property-detail\property-detail.component.spec.js
C:\Users\ajant\OneDrive\Documents\Visual Studio 2017\Projects\RealEstate\RealEstate\RealEstate.Web\RealEstate.SPA\RealEstateApp\src\app\components\property-detail\property-detail.component.spec.js.map
C:\Users\ajant\OneDrive\Documents\Visual Studio 2017\Projects\RealEstate\RealEstate\RealEstate.Web\RealEstate.SPA\RealEstateApp\src\app\components\sidebar\sidebar.component.spec.js
C:\Users\ajant\OneDrive\Documents\Visual Studio 2017\Projects\RealEstate\RealEstate\RealEstate.Web\RealEstate.SPA\RealEstateApp\src\app\components\sidebar\sidebar.component.spec.js.map
